<?xml version="1.0" encoding="UTF-8"?>
<!-- Generated by org.testng.reporters.JUnitXMLReporter -->
<testsuite ignored="0" hostname="DESKTOP-U5C52UL" failures="1" tests="5" name="Test" time="60.04" errors="0" timestamp="2023-03-20T13:19:00 IST">
  <testcase classname="com.Test.LoginTest" name="login" time="4.679"/>
  <testcase classname="com.Test.LoginOneTest" name="login" time="2.37"/>
  <testcase classname="com.Test.LoginOneTest" name="login" time="11.902"/>
  <testcase classname="com.Test.LoginThreeTest" name="login" time="1.875"/>
  <testcase classname="com.Test.LoginFourTest" name="loginTest" time="5.6">
    <failure type="java.lang.AssertionError" message="expected [Name] but found [name]">
      <![CDATA[java.lang.AssertionError: expected [Name] but found [name]
at com.Test.LoginFourTest.loginTest(LoginFourTest.java:20)
at java.base/java.util.ArrayList.forEach(ArrayList.java:1511)
... Removed 33 stack frames]]>
    </failure>
  </testcase> <!-- loginTest -->
</testsuite> <!-- Test -->
