<?xml version="1.0" encoding="UTF-8"?>
<testng-results ignored="0" total="5" passed="4" failed="1" skipped="0">
  <reporter-output>
  </reporter-output>
  <suite started-at="2023-03-20T13:18:00 IST" name="Suite" finished-at="2023-03-20T13:19:00 IST" duration-ms="60040">
    <groups>
    </groups>
    <test started-at="2023-03-20T13:18:00 IST" name="Test" finished-at="2023-03-20T13:19:00 IST" duration-ms="60040">
      <class name="com.Test.LoginFourTest">
        <test-method signature="loginTest()[pri:0, instance:com.Test.LoginFourTest@1d2adfbe]" started-at="2023-03-20T13:18:53 IST" name="loginTest" finished-at="2023-03-20T13:18:59 IST" duration-ms="5600" status="FAIL">
          <exception class="java.lang.AssertionError">
            <message>
              <![CDATA[expected [Name] but found [name]]]>
            </message>
            <full-stacktrace>
              <![CDATA[java.lang.AssertionError: expected [Name] but found [name]
at org.testng.Assert.fail(Assert.java:99)
at org.testng.Assert.failNotEquals(Assert.java:1037)
at org.testng.Assert.assertEqualsImpl(Assert.java:140)
at org.testng.Assert.assertEquals(Assert.java:122)
at org.testng.Assert.assertEquals(Assert.java:629)
at org.testng.Assert.assertEquals(Assert.java:639)
at com.Test.LoginFourTest.loginTest(LoginFourTest.java:20)
at java.base/jdk.internal.reflect.NativeMethodAccessorImpl.invoke0(Native Method)
at java.base/jdk.internal.reflect.NativeMethodAccessorImpl.invoke(NativeMethodAccessorImpl.java:78)
at java.base/jdk.internal.reflect.DelegatingMethodAccessorImpl.invoke(DelegatingMethodAccessorImpl.java:43)
at java.base/java.lang.reflect.Method.invoke(Method.java:567)
at org.testng.internal.MethodInvocationHelper.invokeMethod(MethodInvocationHelper.java:133)
at org.testng.internal.TestInvoker.invokeMethod(TestInvoker.java:598)
at org.testng.internal.TestInvoker.invokeTestMethod(TestInvoker.java:173)
at org.testng.internal.MethodRunner.runInSequence(MethodRunner.java:46)
at org.testng.internal.TestInvoker$MethodInvocationAgent.invoke(TestInvoker.java:824)
at org.testng.internal.TestInvoker.invokeTestMethods(TestInvoker.java:146)
at org.testng.internal.TestMethodWorker.invokeTestMethods(TestMethodWorker.java:146)
at org.testng.internal.TestMethodWorker.run(TestMethodWorker.java:128)
at java.base/java.util.ArrayList.forEach(ArrayList.java:1511)
at org.testng.TestRunner.privateRun(TestRunner.java:794)
at org.testng.TestRunner.run(TestRunner.java:596)
at org.testng.SuiteRunner.runTest(SuiteRunner.java:377)
at org.testng.SuiteRunner.runSequentially(SuiteRunner.java:371)
at org.testng.SuiteRunner.privateRun(SuiteRunner.java:332)
at org.testng.SuiteRunner.run(SuiteRunner.java:276)
at org.testng.SuiteRunnerWorker.runSuite(SuiteRunnerWorker.java:53)
at org.testng.SuiteRunnerWorker.run(SuiteRunnerWorker.java:96)
at org.testng.TestNG.runSuitesSequentially(TestNG.java:1212)
at org.testng.TestNG.runSuitesLocally(TestNG.java:1134)
at org.testng.TestNG.runSuites(TestNG.java:1063)
at org.testng.TestNG.run(TestNG.java:1031)
at org.testng.remote.AbstractRemoteTestNG.run(AbstractRemoteTestNG.java:115)
at org.testng.remote.RemoteTestNG.initAndRun(RemoteTestNG.java:251)
at org.testng.remote.RemoteTestNG.main(RemoteTestNG.java:77)
]]>
            </full-stacktrace>
          </exception> <!-- java.lang.AssertionError -->
          <reporter-output>
          </reporter-output>
        </test-method> <!-- loginTest -->
        <test-method is-config="true" signature="close()[pri:0, instance:com.Test.LoginFourTest@1d2adfbe]" started-at="2023-03-20T13:18:59 IST" name="close" finished-at="2023-03-20T13:19:00 IST" duration-ms="688" status="PASS">
          <reporter-output>
          </reporter-output>
        </test-method> <!-- close -->
      </class> <!-- com.Test.LoginFourTest -->
      <class name="com.Test.LoginTest">
        <test-method is-config="true" signature="startApplication()[pri:0, instance:com.Test.LoginTest@158da8e]" started-at="2023-03-20T13:18:00 IST" name="startApplication" finished-at="2023-03-20T13:18:16 IST" duration-ms="16498" status="PASS">
          <reporter-output>
          </reporter-output>
        </test-method> <!-- startApplication -->
        <test-method signature="login()[pri:0, instance:com.Test.LoginTest@158da8e]" started-at="2023-03-20T13:18:16 IST" name="login" finished-at="2023-03-20T13:18:21 IST" duration-ms="4679" status="PASS">
          <reporter-output>
          </reporter-output>
        </test-method> <!-- login -->
        <test-method is-config="true" signature="close()[pri:0, instance:com.Test.LoginTest@158da8e]" started-at="2023-03-20T13:18:21 IST" name="close" finished-at="2023-03-20T13:18:21 IST" duration-ms="222" status="PASS">
          <reporter-output>
          </reporter-output>
        </test-method> <!-- close -->
      </class> <!-- com.Test.LoginTest -->
      <class name="com.Test.LoginOneTest">
        <test-method is-config="true" signature="startApplication()[pri:0, instance:com.Test.LoginOneTest@16d04d3d]" started-at="2023-03-20T13:18:21 IST" name="startApplication" finished-at="2023-03-20T13:18:26 IST" duration-ms="5008" status="PASS">
          <reporter-output>
          </reporter-output>
        </test-method> <!-- startApplication -->
        <test-method signature="login(java.lang.String,java.lang.String,java.lang.String)[pri:0, instance:com.Test.LoginOneTest@16d04d3d]" started-at="2023-03-20T13:18:26 IST" name="login" data-provider="getLoginData" finished-at="2023-03-20T13:18:29 IST" duration-ms="2370" status="PASS">
          <params>
            <param index="0">
              <value>
                <![CDATA[ganeshsinare3110@gmail.com]]>
              </value>
            </param>
            <param index="1">
              <value>
                <![CDATA[Ganesh@3110]]>
              </value>
            </param>
            <param index="2">
              <value>
                <![CDATA[Successfull]]>
              </value>
            </param>
          </params>
          <reporter-output>
          </reporter-output>
        </test-method> <!-- login -->
        <test-method is-config="true" signature="close()[pri:0, instance:com.Test.LoginOneTest@16d04d3d]" started-at="2023-03-20T13:18:29 IST" name="close" finished-at="2023-03-20T13:18:29 IST" duration-ms="392" status="PASS">
          <reporter-output>
          </reporter-output>
        </test-method> <!-- close -->
        <test-method is-config="true" signature="startApplication()[pri:0, instance:com.Test.LoginOneTest@16d04d3d]" started-at="2023-03-20T13:18:29 IST" name="startApplication" finished-at="2023-03-20T13:18:34 IST" duration-ms="4702" status="PASS">
          <reporter-output>
          </reporter-output>
        </test-method> <!-- startApplication -->
        <test-method signature="login(java.lang.String,java.lang.String,java.lang.String)[pri:0, instance:com.Test.LoginOneTest@16d04d3d]" started-at="2023-03-20T13:18:34 IST" name="login" data-provider="getLoginData" finished-at="2023-03-20T13:18:46 IST" duration-ms="11902" status="PASS">
          <params>
            <param index="0">
              <value>
                <![CDATA[ganeshsinare@gmail.com]]>
              </value>
            </param>
            <param index="1">
              <value>
                <![CDATA[Ganesh3110]]>
              </value>
            </param>
            <param index="2">
              <value>
                <![CDATA[Failure]]>
              </value>
            </param>
          </params>
          <reporter-output>
          </reporter-output>
        </test-method> <!-- login -->
        <test-method is-config="true" signature="close()[pri:0, instance:com.Test.LoginOneTest@16d04d3d]" started-at="2023-03-20T13:18:46 IST" name="close" finished-at="2023-03-20T13:18:46 IST" duration-ms="520" status="PASS">
          <reporter-output>
          </reporter-output>
        </test-method> <!-- close -->
      </class> <!-- com.Test.LoginOneTest -->
      <class name="com.Test.LoginThreeTest">
        <test-method is-config="true" signature="startApplication()[pri:0, instance:com.Test.LoginThreeTest@49ec71f8]" started-at="2023-03-20T13:18:46 IST" name="startApplication" finished-at="2023-03-20T13:18:51 IST" duration-ms="4758" status="PASS">
          <reporter-output>
          </reporter-output>
        </test-method> <!-- startApplication -->
        <test-method signature="login()[pri:0, instance:com.Test.LoginThreeTest@49ec71f8]" started-at="2023-03-20T13:18:51 IST" name="login" finished-at="2023-03-20T13:18:53 IST" duration-ms="1875" status="PASS">
          <reporter-output>
          </reporter-output>
        </test-method> <!-- login -->
        <test-method is-config="true" signature="close()[pri:0, instance:com.Test.LoginThreeTest@49ec71f8]" started-at="2023-03-20T13:18:53 IST" name="close" finished-at="2023-03-20T13:18:53 IST" duration-ms="305" status="PASS">
          <reporter-output>
          </reporter-output>
        </test-method> <!-- close -->
      </class> <!-- com.Test.LoginThreeTest -->
    </test> <!-- Test -->
  </suite> <!-- Suite -->
</testng-results>
